<?xml version="1.0" encoding="UTF-8"?>
<testsuite xmlns:xsi="http://www.w3.org/2001/XMLSchema-instance" xsi:noNamespaceSchemaLocation="https://maven.apache.org/surefire/maven-surefire-plugin/xsd/surefire-test-report.xsd" name="com.hust.test.WebServicesTest" time="0" tests="0" errors="0" skipped="0" failures="0">
  <properties>
    <property name="sun.desktop" value="windows"/>
    <property name="awt.toolkit" value="sun.awt.windows.WToolkit"/>
    <property name="file.encoding.pkg" value="sun.io"/>
    <property name="java.specification.version" value="1.8"/>
    <property name="sun.cpu.isalist" value="amd64"/>
    <property name="sun.jnu.encoding" value="GBK"/>
    <property name="java.class.path" value="D:\Documents\GitHub\huadongyuan\blogserver\target\test-classes;D:\Documents\GitHub\huadongyuan\blogserver\target\classes;D:\repository\org\springframework\boot\spring-boot-devtools\2.2.0.RELEASE\spring-boot-devtools-2.2.0.RELEASE.jar;D:\repository\org\springframework\boot\spring-boot\2.2.0.RELEASE\spring-boot-2.2.0.RELEASE.jar;D:\repository\org\springframework\spring-core\5.2.0.RELEASE\spring-core-5.2.0.RELEASE.jar;D:\repository\org\springframework\spring-jcl\5.2.0.RELEASE\spring-jcl-5.2.0.RELEASE.jar;D:\repository\org\springframework\spring-context\5.2.0.RELEASE\spring-context-5.2.0.RELEASE.jar;D:\repository\org\springframework\boot\spring-boot-autoconfigure\2.2.0.RELEASE\spring-boot-autoconfigure-2.2.0.RELEASE.jar;D:\repository\org\mybatis\spring\boot\mybatis-spring-boot-starter\1.3.1\mybatis-spring-boot-starter-1.3.1.jar;D:\repository\org\springframework\boot\spring-boot-starter\2.2.0.RELEASE\spring-boot-starter-2.2.0.RELEASE.jar;D:\repository\org\springframework\boot\spring-boot-starter-logging\2.2.0.RELEASE\spring-boot-starter-logging-2.2.0.RELEASE.jar;D:\repository\ch\qos\logback\logback-classic\1.2.3\logback-classic-1.2.3.jar;D:\repository\ch\qos\logback\logback-core\1.2.3\logback-core-1.2.3.jar;D:\repository\org\apache\logging\log4j\log4j-to-slf4j\2.12.1\log4j-to-slf4j-2.12.1.jar;D:\repository\org\apache\logging\log4j\log4j-api\2.12.1\log4j-api-2.12.1.jar;D:\repository\org\slf4j\jul-to-slf4j\1.7.28\jul-to-slf4j-1.7.28.jar;D:\repository\jakarta\annotation\jakarta.annotation-api\1.3.5\jakarta.annotation-api-1.3.5.jar;D:\repository\org\yaml\snakeyaml\1.25\snakeyaml-1.25.jar;D:\repository\org\springframework\boot\spring-boot-starter-jdbc\2.2.0.RELEASE\spring-boot-starter-jdbc-2.2.0.RELEASE.jar;D:\repository\com\zaxxer\HikariCP\3.4.1\HikariCP-3.4.1.jar;D:\repository\org\slf4j\slf4j-api\1.7.28\slf4j-api-1.7.28.jar;D:\repository\org\springframework\spring-jdbc\5.2.0.RELEASE\spring-jdbc-5.2.0.RELEASE.jar;D:\repository\org\springframework\spring-tx\5.2.0.RELEASE\spring-tx-5.2.0.RELEASE.jar;D:\repository\org\mybatis\spring\boot\mybatis-spring-boot-autoconfigure\1.3.1\mybatis-spring-boot-autoconfigure-1.3.1.jar;D:\repository\org\mybatis\mybatis\3.4.5\mybatis-3.4.5.jar;D:\repository\org\mybatis\mybatis-spring\1.3.1\mybatis-spring-1.3.1.jar;D:\repository\org\springframework\boot\spring-boot-starter-security\2.2.0.RELEASE\spring-boot-starter-security-2.2.0.RELEASE.jar;D:\repository\org\springframework\spring-aop\5.2.0.RELEASE\spring-aop-5.2.0.RELEASE.jar;D:\repository\org\springframework\spring-beans\5.2.0.RELEASE\spring-beans-5.2.0.RELEASE.jar;D:\repository\org\springframework\security\spring-security-config\5.2.0.RELEASE\spring-security-config-5.2.0.RELEASE.jar;D:\repository\org\springframework\security\spring-security-core\5.2.0.RELEASE\spring-security-core-5.2.0.RELEASE.jar;D:\repository\org\springframework\security\spring-security-web\5.2.0.RELEASE\spring-security-web-5.2.0.RELEASE.jar;D:\repository\org\springframework\spring-expression\5.2.0.RELEASE\spring-expression-5.2.0.RELEASE.jar;D:\repository\org\springframework\boot\spring-boot-starter-web\2.2.0.RELEASE\spring-boot-starter-web-2.2.0.RELEASE.jar;D:\repository\org\springframework\boot\spring-boot-starter-json\2.2.0.RELEASE\spring-boot-starter-json-2.2.0.RELEASE.jar;D:\repository\com\fasterxml\jackson\core\jackson-databind\2.10.0\jackson-databind-2.10.0.jar;D:\repository\com\fasterxml\jackson\core\jackson-annotations\2.10.0\jackson-annotations-2.10.0.jar;D:\repository\com\fasterxml\jackson\core\jackson-core\2.10.0\jackson-core-2.10.0.jar;D:\repository\com\fasterxml\jackson\datatype\jackson-datatype-jdk8\2.10.0\jackson-datatype-jdk8-2.10.0.jar;D:\repository\com\fasterxml\jackson\datatype\jackson-datatype-jsr310\2.10.0\jackson-datatype-jsr310-2.10.0.jar;D:\repository\com\fasterxml\jackson\module\jackson-module-parameter-names\2.10.0\jackson-module-parameter-names-2.10.0.jar;D:\repository\org\springframework\boot\spring-boot-starter-validation\2.2.0.RELEASE\spring-boot-starter-validation-2.2.0.RELEASE.jar;D:\repository\jakarta\validation\jakarta.validation-api\2.0.1\jakarta.validation-api-2.0.1.jar;D:\repository\org\hibernate\validator\hibernate-validator\6.0.17.Final\hibernate-validator-6.0.17.Final.jar;D:\repository\org\jboss\logging\jboss-logging\3.4.1.Final\jboss-logging-3.4.1.Final.jar;D:\repository\com\fasterxml\classmate\1.5.0\classmate-1.5.0.jar;D:\repository\org\springframework\spring-web\5.2.0.RELEASE\spring-web-5.2.0.RELEASE.jar;D:\repository\org\springframework\spring-webmvc\5.2.0.RELEASE\spring-webmvc-5.2.0.RELEASE.jar;D:\repository\org\springframework\boot\spring-boot-starter-jetty\2.2.0.RELEASE\spring-boot-starter-jetty-2.2.0.RELEASE.jar;D:\repository\jakarta\servlet\jakarta.servlet-api\4.0.3\jakarta.servlet-api-4.0.3.jar;D:\repository\jakarta\websocket\jakarta.websocket-api\1.1.2\jakarta.websocket-api-1.1.2.jar;D:\repository\org\eclipse\jetty\jetty-servlets\9.4.20.v20190813\jetty-servlets-9.4.20.v20190813.jar;D:\repository\org\eclipse\jetty\jetty-continuation\9.4.20.v20190813\jetty-continuation-9.4.20.v20190813.jar;D:\repository\org\eclipse\jetty\jetty-http\9.4.20.v20190813\jetty-http-9.4.20.v20190813.jar;D:\repository\org\eclipse\jetty\jetty-util\9.4.20.v20190813\jetty-util-9.4.20.v20190813.jar;D:\repository\org\eclipse\jetty\jetty-io\9.4.20.v20190813\jetty-io-9.4.20.v20190813.jar;D:\repository\org\eclipse\jetty\jetty-webapp\9.4.20.v20190813\jetty-webapp-9.4.20.v20190813.jar;D:\repository\org\eclipse\jetty\jetty-xml\9.4.20.v20190813\jetty-xml-9.4.20.v20190813.jar;D:\repository\org\eclipse\jetty\jetty-servlet\9.4.20.v20190813\jetty-servlet-9.4.20.v20190813.jar;D:\repository\org\eclipse\jetty\jetty-security\9.4.20.v20190813\jetty-security-9.4.20.v20190813.jar;D:\repository\org\eclipse\jetty\jetty-server\9.4.20.v20190813\jetty-server-9.4.20.v20190813.jar;D:\repository\org\eclipse\jetty\websocket\websocket-server\9.4.20.v20190813\websocket-server-9.4.20.v20190813.jar;D:\repository\org\eclipse\jetty\websocket\websocket-common\9.4.20.v20190813\websocket-common-9.4.20.v20190813.jar;D:\repository\org\eclipse\jetty\websocket\websocket-api\9.4.20.v20190813\websocket-api-9.4.20.v20190813.jar;D:\repository\org\eclipse\jetty\websocket\websocket-client\9.4.20.v20190813\websocket-client-9.4.20.v20190813.jar;D:\repository\org\eclipse\jetty\jetty-client\9.4.20.v20190813\jetty-client-9.4.20.v20190813.jar;D:\repository\org\eclipse\jetty\websocket\websocket-servlet\9.4.20.v20190813\websocket-servlet-9.4.20.v20190813.jar;D:\repository\org\eclipse\jetty\websocket\javax-websocket-server-impl\9.4.20.v20190813\javax-websocket-server-impl-9.4.20.v20190813.jar;D:\repository\org\eclipse\jetty\jetty-annotations\9.4.20.v20190813\jetty-annotations-9.4.20.v20190813.jar;D:\repository\org\eclipse\jetty\jetty-plus\9.4.20.v20190813\jetty-plus-9.4.20.v20190813.jar;D:\repository\org\ow2\asm\asm\7.1\asm-7.1.jar;D:\repository\org\ow2\asm\asm-commons\7.1\asm-commons-7.1.jar;D:\repository\org\ow2\asm\asm-tree\7.1\asm-tree-7.1.jar;D:\repository\org\ow2\asm\asm-analysis\7.1\asm-analysis-7.1.jar;D:\repository\org\eclipse\jetty\websocket\javax-websocket-client-impl\9.4.20.v20190813\javax-websocket-client-impl-9.4.20.v20190813.jar;D:\repository\org\mortbay\jasper\apache-el\8.5.40\apache-el-8.5.40.jar;D:\repository\mysql\mysql-connector-java\8.0.18\mysql-connector-java-8.0.18.jar;D:\repository\commons-codec\commons-codec\1.13\commons-codec-1.13.jar;D:\repository\commons-io\commons-io\2.5\commons-io-2.5.jar;D:\repository\commons-fileupload\commons-fileupload\1.2.1\commons-fileupload-1.2.1.jar;D:\repository\com\google\code\gson\gson\2.8.6\gson-2.8.6.jar;D:\repository\com\alibaba\fastjson\1.2.62\fastjson-1.2.62.jar;D:\repository\com\alibaba\druid\1.1.21\druid-1.1.21.jar;D:\repository\aopalliance\aopalliance\1.0\aopalliance-1.0.jar;D:\repository\org\rosuda\REngine\REngine\2.1.0\REngine-2.1.0.jar;D:\repository\org\rosuda\REngine\Rserve\1.8.1\Rserve-1.8.1.jar;D:\repository\org\apache\commons\commons-math3\3.6.1\commons-math3-3.6.1.jar;D:\repository\org\apache\poi\poi\3.15-beta2\poi-3.15-beta2.jar;D:\repository\org\apache\poi\poi-ooxml\3.15-beta2\poi-ooxml-3.15-beta2.jar;D:\repository\org\apache\poi\poi-ooxml-schemas\3.15-beta2\poi-ooxml-schemas-3.15-beta2.jar;D:\repository\org\apache\xmlbeans\xmlbeans\2.6.0\xmlbeans-2.6.0.jar;D:\repository\stax\stax-api\1.0.1\stax-api-1.0.1.jar;D:\repository\com\github\virtuald\curvesapi\1.04\curvesapi-1.04.jar;"/>
    <property name="java.vm.vendor" value="Oracle Corporation"/>
    <property name="sun.arch.data.model" value="64"/>
    <property name="user.variant" value=""/>
    <property name="java.vendor.url" value="http://java.oracle.com/"/>
    <property name="user.timezone" value="Asia/Shanghai"/>
    <property name="java.vm.specification.version" value="1.8"/>
    <property name="os.name" value="Windows 10"/>
    <property name="user.country" value="CN"/>
    <property name="sun.java.launcher" value="SUN_STANDARD"/>
    <property name="sun.boot.library.path" value="D:\SoftWare\JAVA\jdk8\jre\bin"/>
    <property name="sun.java.command" value="C:\Users\HL\AppData\Local\Temp\surefire5078249409156658002\surefirebooter7682521005115030981.jar C:\Users\HL\AppData\Local\Temp\surefire5078249409156658002 2020-01-07T22-05-08_760-jvmRun1 surefire3368953792516524615tmp surefire_02275188038179848676tmp"/>
    <property name="surefire.test.class.path" value="D:\Documents\GitHub\huadongyuan\blogserver\target\test-classes;D:\Documents\GitHub\huadongyuan\blogserver\target\classes;D:\repository\org\springframework\boot\spring-boot-devtools\2.2.0.RELEASE\spring-boot-devtools-2.2.0.RELEASE.jar;D:\repository\org\springframework\boot\spring-boot\2.2.0.RELEASE\spring-boot-2.2.0.RELEASE.jar;D:\repository\org\springframework\spring-core\5.2.0.RELEASE\spring-core-5.2.0.RELEASE.jar;D:\repository\org\springframework\spring-jcl\5.2.0.RELEASE\spring-jcl-5.2.0.RELEASE.jar;D:\repository\org\springframework\spring-context\5.2.0.RELEASE\spring-context-5.2.0.RELEASE.jar;D:\repository\org\springframework\boot\spring-boot-autoconfigure\2.2.0.RELEASE\spring-boot-autoconfigure-2.2.0.RELEASE.jar;D:\repository\org\mybatis\spring\boot\mybatis-spring-boot-starter\1.3.1\mybatis-spring-boot-starter-1.3.1.jar;D:\repository\org\springframework\boot\spring-boot-starter\2.2.0.RELEASE\spring-boot-starter-2.2.0.RELEASE.jar;D:\repository\org\springframework\boot\spring-boot-starter-logging\2.2.0.RELEASE\spring-boot-starter-logging-2.2.0.RELEASE.jar;D:\repository\ch\qos\logback\logback-classic\1.2.3\logback-classic-1.2.3.jar;D:\repository\ch\qos\logback\logback-core\1.2.3\logback-core-1.2.3.jar;D:\repository\org\apache\logging\log4j\log4j-to-slf4j\2.12.1\log4j-to-slf4j-2.12.1.jar;D:\repository\org\apache\logging\log4j\log4j-api\2.12.1\log4j-api-2.12.1.jar;D:\repository\org\slf4j\jul-to-slf4j\1.7.28\jul-to-slf4j-1.7.28.jar;D:\repository\jakarta\annotation\jakarta.annotation-api\1.3.5\jakarta.annotation-api-1.3.5.jar;D:\repository\org\yaml\snakeyaml\1.25\snakeyaml-1.25.jar;D:\repository\org\springframework\boot\spring-boot-starter-jdbc\2.2.0.RELEASE\spring-boot-starter-jdbc-2.2.0.RELEASE.jar;D:\repository\com\zaxxer\HikariCP\3.4.1\HikariCP-3.4.1.jar;D:\repository\org\slf4j\slf4j-api\1.7.28\slf4j-api-1.7.28.jar;D:\repository\org\springframework\spring-jdbc\5.2.0.RELEASE\spring-jdbc-5.2.0.RELEASE.jar;D:\repository\org\springframework\spring-tx\5.2.0.RELEASE\spring-tx-5.2.0.RELEASE.jar;D:\repository\org\mybatis\spring\boot\mybatis-spring-boot-autoconfigure\1.3.1\mybatis-spring-boot-autoconfigure-1.3.1.jar;D:\repository\org\mybatis\mybatis\3.4.5\mybatis-3.4.5.jar;D:\repository\org\mybatis\mybatis-spring\1.3.1\mybatis-spring-1.3.1.jar;D:\repository\org\springframework\boot\spring-boot-starter-security\2.2.0.RELEASE\spring-boot-starter-security-2.2.0.RELEASE.jar;D:\repository\org\springframework\spring-aop\5.2.0.RELEASE\spring-aop-5.2.0.RELEASE.jar;D:\repository\org\springframework\spring-beans\5.2.0.RELEASE\spring-beans-5.2.0.RELEASE.jar;D:\repository\org\springframework\security\spring-security-config\5.2.0.RELEASE\spring-security-config-5.2.0.RELEASE.jar;D:\repository\org\springframework\security\spring-security-core\5.2.0.RELEASE\spring-security-core-5.2.0.RELEASE.jar;D:\repository\org\springframework\security\spring-security-web\5.2.0.RELEASE\spring-security-web-5.2.0.RELEASE.jar;D:\repository\org\springframework\spring-expression\5.2.0.RELEASE\spring-expression-5.2.0.RELEASE.jar;D:\repository\org\springframework\boot\spring-boot-starter-web\2.2.0.RELEASE\spring-boot-starter-web-2.2.0.RELEASE.jar;D:\repository\org\springframework\boot\spring-boot-starter-json\2.2.0.RELEASE\spring-boot-starter-json-2.2.0.RELEASE.jar;D:\repository\com\fasterxml\jackson\core\jackson-databind\2.10.0\jackson-databind-2.10.0.jar;D:\repository\com\fasterxml\jackson\core\jackson-annotations\2.10.0\jackson-annotations-2.10.0.jar;D:\repository\com\fasterxml\jackson\core\jackson-core\2.10.0\jackson-core-2.10.0.jar;D:\repository\com\fasterxml\jackson\datatype\jackson-datatype-jdk8\2.10.0\jackson-datatype-jdk8-2.10.0.jar;D:\repository\com\fasterxml\jackson\datatype\jackson-datatype-jsr310\2.10.0\jackson-datatype-jsr310-2.10.0.jar;D:\repository\com\fasterxml\jackson\module\jackson-module-parameter-names\2.10.0\jackson-module-parameter-names-2.10.0.jar;D:\repository\org\springframework\boot\spring-boot-starter-validation\2.2.0.RELEASE\spring-boot-starter-validation-2.2.0.RELEASE.jar;D:\repository\jakarta\validation\jakarta.validation-api\2.0.1\jakarta.validation-api-2.0.1.jar;D:\repository\org\hibernate\validator\hibernate-validator\6.0.17.Final\hibernate-validator-6.0.17.Final.jar;D:\repository\org\jboss\logging\jboss-logging\3.4.1.Final\jboss-logging-3.4.1.Final.jar;D:\repository\com\fasterxml\classmate\1.5.0\classmate-1.5.0.jar;D:\repository\org\springframework\spring-web\5.2.0.RELEASE\spring-web-5.2.0.RELEASE.jar;D:\repository\org\springframework\spring-webmvc\5.2.0.RELEASE\spring-webmvc-5.2.0.RELEASE.jar;D:\repository\org\springframework\boot\spring-boot-starter-jetty\2.2.0.RELEASE\spring-boot-starter-jetty-2.2.0.RELEASE.jar;D:\repository\jakarta\servlet\jakarta.servlet-api\4.0.3\jakarta.servlet-api-4.0.3.jar;D:\repository\jakarta\websocket\jakarta.websocket-api\1.1.2\jakarta.websocket-api-1.1.2.jar;D:\repository\org\eclipse\jetty\jetty-servlets\9.4.20.v20190813\jetty-servlets-9.4.20.v20190813.jar;D:\repository\org\eclipse\jetty\jetty-continuation\9.4.20.v20190813\jetty-continuation-9.4.20.v20190813.jar;D:\repository\org\eclipse\jetty\jetty-http\9.4.20.v20190813\jetty-http-9.4.20.v20190813.jar;D:\repository\org\eclipse\jetty\jetty-util\9.4.20.v20190813\jetty-util-9.4.20.v20190813.jar;D:\repository\org\eclipse\jetty\jetty-io\9.4.20.v20190813\jetty-io-9.4.20.v20190813.jar;D:\repository\org\eclipse\jetty\jetty-webapp\9.4.20.v20190813\jetty-webapp-9.4.20.v20190813.jar;D:\repository\org\eclipse\jetty\jetty-xml\9.4.20.v20190813\jetty-xml-9.4.20.v20190813.jar;D:\repository\org\eclipse\jetty\jetty-servlet\9.4.20.v20190813\jetty-servlet-9.4.20.v20190813.jar;D:\repository\org\eclipse\jetty\jetty-security\9.4.20.v20190813\jetty-security-9.4.20.v20190813.jar;D:\repository\org\eclipse\jetty\jetty-server\9.4.20.v20190813\jetty-server-9.4.20.v20190813.jar;D:\repository\org\eclipse\jetty\websocket\websocket-server\9.4.20.v20190813\websocket-server-9.4.20.v20190813.jar;D:\repository\org\eclipse\jetty\websocket\websocket-common\9.4.20.v20190813\websocket-common-9.4.20.v20190813.jar;D:\repository\org\eclipse\jetty\websocket\websocket-api\9.4.20.v20190813\websocket-api-9.4.20.v20190813.jar;D:\repository\org\eclipse\jetty\websocket\websocket-client\9.4.20.v20190813\websocket-client-9.4.20.v20190813.jar;D:\repository\org\eclipse\jetty\jetty-client\9.4.20.v20190813\jetty-client-9.4.20.v20190813.jar;D:\repository\org\eclipse\jetty\websocket\websocket-servlet\9.4.20.v20190813\websocket-servlet-9.4.20.v20190813.jar;D:\repository\org\eclipse\jetty\websocket\javax-websocket-server-impl\9.4.20.v20190813\javax-websocket-server-impl-9.4.20.v20190813.jar;D:\repository\org\eclipse\jetty\jetty-annotations\9.4.20.v20190813\jetty-annotations-9.4.20.v20190813.jar;D:\repository\org\eclipse\jetty\jetty-plus\9.4.20.v20190813\jetty-plus-9.4.20.v20190813.jar;D:\repository\org\ow2\asm\asm\7.1\asm-7.1.jar;D:\repository\org\ow2\asm\asm-commons\7.1\asm-commons-7.1.jar;D:\repository\org\ow2\asm\asm-tree\7.1\asm-tree-7.1.jar;D:\repository\org\ow2\asm\asm-analysis\7.1\asm-analysis-7.1.jar;D:\repository\org\eclipse\jetty\websocket\javax-websocket-client-impl\9.4.20.v20190813\javax-websocket-client-impl-9.4.20.v20190813.jar;D:\repository\org\mortbay\jasper\apache-el\8.5.40\apache-el-8.5.40.jar;D:\repository\mysql\mysql-connector-java\8.0.18\mysql-connector-java-8.0.18.jar;D:\repository\commons-codec\commons-codec\1.13\commons-codec-1.13.jar;D:\repository\commons-io\commons-io\2.5\commons-io-2.5.jar;D:\repository\commons-fileupload\commons-fileupload\1.2.1\commons-fileupload-1.2.1.jar;D:\repository\com\google\code\gson\gson\2.8.6\gson-2.8.6.jar;D:\repository\com\alibaba\fastjson\1.2.62\fastjson-1.2.62.jar;D:\repository\com\alibaba\druid\1.1.21\druid-1.1.21.jar;D:\repository\aopalliance\aopalliance\1.0\aopalliance-1.0.jar;D:\repository\org\rosuda\REngine\REngine\2.1.0\REngine-2.1.0.jar;D:\repository\org\rosuda\REngine\Rserve\1.8.1\Rserve-1.8.1.jar;D:\repository\org\apache\commons\commons-math3\3.6.1\commons-math3-3.6.1.jar;D:\repository\org\apache\poi\poi\3.15-beta2\poi-3.15-beta2.jar;D:\repository\org\apache\poi\poi-ooxml\3.15-beta2\poi-ooxml-3.15-beta2.jar;D:\repository\org\apache\poi\poi-ooxml-schemas\3.15-beta2\poi-ooxml-schemas-3.15-beta2.jar;D:\repository\org\apache\xmlbeans\xmlbeans\2.6.0\xmlbeans-2.6.0.jar;D:\repository\stax\stax-api\1.0.1\stax-api-1.0.1.jar;D:\repository\com\github\virtuald\curvesapi\1.04\curvesapi-1.04.jar;"/>
    <property name="sun.cpu.endian" value="little"/>
    <property name="user.home" value="C:\Users\HL"/>
    <property name="user.language" value="zh"/>
    <property name="java.specification.vendor" value="Oracle Corporation"/>
    <property name="java.home" value="D:\SoftWare\JAVA\jdk8\jre"/>
    <property name="basedir" value="D:\Documents\GitHub\huadongyuan\blogserver"/>
    <property name="file.separator" value="\"/>
    <property name="line.separator" value="&#10;"/>
    <property name="java.vm.specification.vendor" value="Oracle Corporation"/>
    <property name="java.specification.name" value="Java Platform API Specification"/>
    <property name="java.awt.graphicsenv" value="sun.awt.Win32GraphicsEnvironment"/>
    <property name="surefire.real.class.path" value="C:\Users\HL\AppData\Local\Temp\surefire5078249409156658002\surefirebooter7682521005115030981.jar"/>
    <property name="sun.boot.class.path" value="D:\SoftWare\JAVA\jdk8\jre\lib\resources.jar;D:\SoftWare\JAVA\jdk8\jre\lib\rt.jar;D:\SoftWare\JAVA\jdk8\jre\lib\sunrsasign.jar;D:\SoftWare\JAVA\jdk8\jre\lib\jsse.jar;D:\SoftWare\JAVA\jdk8\jre\lib\jce.jar;D:\SoftWare\JAVA\jdk8\jre\lib\charsets.jar;D:\SoftWare\JAVA\jdk8\jre\lib\jfr.jar;D:\SoftWare\JAVA\jdk8\jre\classes"/>
    <property name="user.script" value=""/>
    <property name="sun.management.compiler" value="HotSpot 64-Bit Tiered Compilers"/>
    <property name="java.runtime.version" value="1.8.0_211-b12"/>
    <property name="user.name" value="HL"/>
    <property name="path.separator" value=";"/>
    <property name="os.version" value="10.0"/>
    <property name="java.endorsed.dirs" value="D:\SoftWare\JAVA\jdk8\jre\lib\endorsed"/>
    <property name="java.runtime.name" value="Java(TM) SE Runtime Environment"/>
    <property name="file.encoding" value="GBK"/>
    <property name="java.vm.name" value="Java HotSpot(TM) 64-Bit Server VM"/>
    <property name="localRepository" value="D:\repository"/>
    <property name="java.vendor.url.bug" value="http://bugreport.sun.com/bugreport/"/>
    <property name="java.io.tmpdir" value="C:\Users\HL\AppData\Local\Temp\"/>
    <property name="java.version" value="1.8.0_211"/>
    <property name="user.dir" value="D:\Documents\GitHub\huadongyuan\blogserver"/>
    <property name="os.arch" value="amd64"/>
    <property name="java.vm.specification.name" value="Java Virtual Machine Specification"/>
    <property name="java.awt.printerjob" value="sun.awt.windows.WPrinterJob"/>
    <property name="sun.os.patch.level" value=""/>
    <property name="java.library.path" value="D:\SoftWare\JAVA\jdk8\jre\bin;C:\WINDOWS\Sun\Java\bin;C:\WINDOWS\system32;C:\WINDOWS;D:/SoftWare/java/jdk8/bin/../jre/bin/server;D:/SoftWare/java/jdk8/bin/../jre/bin;D:/SoftWare/java/jdk8/bin/../jre/lib/amd64;D:\SoftWare\python27\;D:\SoftWare\python27\Scripts;D:\SoftWare\Oracle\product\11.2.0\dbhome_1\bin;C:\Program Files (x86)\Intel\MPI-RT\4.0.2.005\em64t\bin;C:\Program Files (x86)\Intel\MPI-RT\4.0.2.005\ia32\bin;C:\WINDOWS\system32;C:\WINDOWS;C:\WINDOWS\System32\Wbem;C:\WINDOWS\System32\WindowsPowerShell\v1.0\;C:\WINDOWS\System32\OpenSSH\;D:\SoftWare\JAVA\apache-tomcat-9.0.14\lib;D:\SoftWare\JAVA\apache-tomcat-9.0.14\bin;D:\SoftWare\JAVA\jdk8\bin;D:\SoftWare\JAVA\apache-maven-3.5.3\bin;C:\Program Files\dotnet\;D:\SoftWare\JAVA\jdk8\jre\bin;D:\SoftWare\Git\cmd;D:\SoftWare\Anaconda3;D:\SoftWare\MinGW\bin;C:\Program Files\Microsoft SQL Server\Client SDK\ODBC\130\Tools\Binn\;C:\Program Files (x86)\Microsoft SQL Server\140\Tools\Binn\;C:\Program Files\Microsoft SQL Server\140\Tools\Binn\;C:\Program Files\Microsoft SQL Server\140\DTS\Binn\;C:\Program Files (x86)\Microsoft SQL Server\Client SDK\ODBC\130\Tools\Binn\;C:\Program Files (x86)\Microsoft SQL Server\140\DTS\Binn\;C:\Program Files (x86)\Microsoft SQL Server\140\Tools\Binn\ManagementStudio\;c:\Program Files\Microsoft SQL Server\130\Tools\Binn\;c:\Program Files\Microsoft SQL Server\Client SDK\ODBC\170\Tools\Binn\;D:\SoftWare\Cygwin\bin;D:\SoftWare\nodejs\;C:\Program Files\NVIDIA Corporation\NVIDIA NvDLISR;C:\Program Files (x86)\NVIDIA Corporation\PhysX\Common;D:\SoftWare\Microsoft VS Code\bin;C:\Users\HL\AppData\Local\Microsoft\WindowsApps;C:\Users\HL\AppData\Local\GitHubDesktop\bin;C:\Users\HL\AppData\Local\Microsoft\WindowsApps;D:\SoftWare\nodejs\node_global;;C:\WINDOWS\System32;;."/>
    <property name="java.vm.info" value="mixed mode"/>
    <property name="java.vendor" value="Oracle Corporation"/>
    <property name="java.vm.version" value="25.211-b12"/>
    <property name="java.ext.dirs" value="D:\SoftWare\JAVA\jdk8\jre\lib\ext;C:\WINDOWS\Sun\Java\lib\ext"/>
    <property name="sun.io.unicode.encoding" value="UnicodeLittle"/>
    <property name="java.class.version" value="52.0"/>
  </properties>
</testsuite>